<?xml version="1.0" encoding="UTF-8"?>
<testng-results ignored="0" total="1" passed="1" failed="0" skipped="0">
  <reporter-output>
  </reporter-output>
  <suite started-at="2026-02-24T20:29:00 IST" name="Suite" finished-at="2026-02-24T20:29:00 IST" duration-ms="16">
    <groups>
      <group name="smoke">
        <method signature="Demo1Test.carTest()[pri:0, instance:Practice.Demo1Test@5fdcaa40]" name="carTest" class="Practice.Demo1Test"/>
      </group> <!-- smoke -->
    </groups>
    <test started-at="2026-02-24T20:29:00 IST" name="Test" finished-at="2026-02-24T20:29:00 IST" duration-ms="16">
      <class name="Practice.Demo1Test">
        <test-method signature="carTest()[pri:0, instance:Practice.Demo1Test@5fdcaa40]" started-at="2026-02-24T20:29:00 IST" name="carTest" finished-at="2026-02-24T20:29:00 IST" duration-ms="3" status="PASS">
          <reporter-output>
          </reporter-output>
        </test-method> <!-- carTest -->
      </class> <!-- Practice.Demo1Test -->
    </test> <!-- Test -->
  </suite> <!-- Suite -->
</testng-results>
