<?xml version="1.0" encoding="UTF-8"?>
<testng-results ignored="0" total="1" passed="1" failed="0" skipped="0">
  <reporter-output>
  </reporter-output>
  <suite started-at="2026-02-27T19:48:24 IST" name="Default suite" finished-at="2026-02-27T19:48:24 IST" duration-ms="15">
    <groups>
      <group name="smoke">
        <method signature="Demo1Test.carTest()[pri:0, instance:Practice.Demo1Test@55b7a4e0]" name="carTest" class="Practice.Demo1Test"/>
      </group> <!-- smoke -->
    </groups>
    <test started-at="2026-02-27T19:48:24 IST" name="Default test" finished-at="2026-02-27T19:48:24 IST" duration-ms="15">
      <class name="Practice.Demo1Test">
        <test-method signature="carTest()[pri:0, instance:Practice.Demo1Test@55b7a4e0]" started-at="2026-02-27T19:48:24 IST" name="carTest" finished-at="2026-02-27T19:48:24 IST" duration-ms="3" status="PASS">
          <reporter-output>
          </reporter-output>
        </test-method> <!-- carTest -->
      </class> <!-- Practice.Demo1Test -->
    </test> <!-- Default test -->
  </suite> <!-- Default suite -->
</testng-results>
